# JRE version: Java(TM) SE Runtime Environment (8.0_151-b12) (build 1.8.0_151-b12)
# Java VM: Java HotSpot(TM) 64-Bit Server VM (25.151-b12 mixed mode windows-amd64 compressed oops)
Heap:
 PSYoungGen      total 823296K, used 96K [0x000000076cb00000, 0x000000079f000000, 0x00000007c0000000)
  eden space 822784K, 0% used [0x000000076cb00000,0x000000076cb00000,0x000000079ee80000)
  from space 512K, 18% used [0x000000079ef00000,0x000000079ef18000,0x000000079ef80000)
  to   space 512K, 0% used [0x000000079ef80000,0x000000079ef80000,0x000000079f000000)
 ParOldGen       total 429568K, used 179735K [0x00000006c6000000, 0x00000006e0380000, 0x000000076cb00000)
  object space 429568K, 41% used [0x00000006c6000000,0x00000006d0f85dd8,0x00000006e0380000)
 Metaspace       used 6622K, capacity 6842K, committed 7168K, reserved 1056768K
  class space    used 673K, capacity 729K, committed 768K, reserved 1048576K
GC Heap History (10 events):
Event: 3934.485 GC heap after
Heap after GC invocations=21271 (full 10620):
 PSYoungGen      total 823296K, used 32K [0x000000076cb00000, 0x000000079f000000, 0x00000007c0000000)
  eden space 822784K, 0% used [0x000000076cb00000,0x000000076cb00000,0x000000079ee80000)
  from space 512K, 6% used [0x000000079ef00000,0x000000079ef08000,0x000000079ef80000)
  to   space 512K, 0% used [0x000000079ef80000,0x000000079ef80000,0x000000079f000000)
 ParOldGen       total 429568K, used 179734K [0x00000006c6000000, 0x00000006e0380000, 0x000000076cb00000)
  object space 429568K, 41% used [0x00000006c6000000,0x00000006d0f85920,0x00000006e0380000)
 Metaspace       used 6622K, capacity 6842K, committed 7168K, reserved 1056768K
  class space    used 673K, capacity 729K, committed 768K, reserved 1048576K
}
Event: 3934.485 GC heap before
{Heap before GC invocations=21272 (full 10621):
 PSYoungGen      total 823296K, used 32K [0x000000076cb00000, 0x000000079f000000, 0x00000007c0000000)
  eden space 822784K, 0% used [0x000000076cb00000,0x000000076cb00000,0x000000079ee80000)
  from space 512K, 6% used [0x000000079ef00000,0x000000079ef08000,0x000000079ef80000)
  to   space 512K, 0% used [0x000000079ef80000,0x000000079ef80000,0x000000079f000000)
 ParOldGen       total 429568K, used 179734K [0x00000006c6000000, 0x00000006e0380000, 0x000000076cb00000)
  object space 429568K, 41% used [0x00000006c6000000,0x00000006d0f85920,0x00000006e0380000)
 Metaspace       used 6622K, capacity 6842K, committed 7168K, reserved 1056768K
  class space    used 673K, capacity 729K, committed 768K, reserved 1048576K
Event: 3934.631 GC heap after
Heap after GC invocations=21272 (full 10621):
 PSYoungGen      total 823296K, used 0K [0x000000076cb00000, 0x000000079f000000, 0x00000007c0000000)
  eden space 822784K, 0% used [0x000000076cb00000,0x000000076cb00000,0x000000079ee80000)
  from space 512K, 0% used [0x000000079ef00000,0x000000079ef00000,0x000000079ef80000)
  to   space 512K, 0% used [0x000000079ef80000,0x000000079ef80000,0x000000079f000000)
 ParOldGen       total 429568K, used 179734K [0x00000006c6000000, 0x00000006e0380000, 0x000000076cb00000)
  object space 429568K, 41% used [0x00000006c6000000,0x00000006d0f85aa8,0x00000006e0380000)
 Metaspace       used 6622K, capacity 6842K, committed 7168K, reserved 1056768K
  class space    used 673K, capacity 729K, committed 768K, reserved 1048576K
}
Event: 3934.634 GC heap before
{Heap before GC invocations=21273 (full 10621):
 PSYoungGen      total 823296K, used 15928K [0x000000076cb00000, 0x000000079f000000, 0x00000007c0000000)
  eden space 822784K, 1% used [0x000000076cb00000,0x000000076da8e1b0,0x000000079ee80000)
  from space 512K, 0% used [0x000000079ef00000,0x000000079ef00000,0x000000079ef80000)
  to   space 512K, 0% used [0x000000079ef80000,0x000000079ef80000,0x000000079f000000)
 ParOldGen       total 429568K, used 179734K [0x00000006c6000000, 0x00000006e0380000, 0x000000076cb00000)
  object space 429568K, 41% used [0x00000006c6000000,0x00000006d0f85aa8,0x00000006e0380000)
 Metaspace       used 6622K, capacity 6842K, committed 7168K, reserved 1056768K
  class space    used 673K, capacity 729K, committed 768K, reserved 1048576K
Event: 3934.635 GC heap after
Heap after GC invocations=21273 (full 10621):
 PSYoungGen      total 823296K, used 96K [0x000000076cb00000, 0x000000079f000000, 0x00000007c0000000)
  eden space 822784K, 0% used [0x000000076cb00000,0x000000076cb00000,0x000000079ee80000)
  from space 512K, 18% used [0x000000079ef80000,0x000000079ef98000,0x000000079f000000)
  to   space 512K, 0% used [0x000000079ef00000,0x000000079ef00000,0x000000079ef80000)
 ParOldGen       total 429568K, used 179734K [0x00000006c6000000, 0x00000006e0380000, 0x000000076cb00000)
  object space 429568K, 41% used [0x00000006c6000000,0x00000006d0f85aa8,0x00000006e0380000)
 Metaspace       used 6622K, capacity 6842K, committed 7168K, reserved 1056768K
  class space    used 673K, capacity 729K, committed 768K, reserved 1048576K
}
Event: 3934.635 GC heap before
{Heap before GC invocations=21274 (full 10622):
 PSYoungGen      total 823296K, used 96K [0x000000076cb00000, 0x000000079f000000, 0x00000007c0000000)
  eden space 822784K, 0% used [0x000000076cb00000,0x000000076cb00000,0x000000079ee80000)
  from space 512K, 18% used [0x000000079ef80000,0x000000079ef98000,0x000000079f000000)
  to   space 512K, 0% used [0x000000079ef00000,0x000000079ef00000,0x000000079ef80000)
 ParOldGen       total 429568K, used 179734K [0x00000006c6000000, 0x00000006e0380000, 0x000000076cb00000)
  object space 429568K, 41% used [0x00000006c6000000,0x00000006d0f85aa8,0x00000006e0380000)
 Metaspace       used 6622K, capacity 6842K, committed 7168K, reserved 1056768K
  class space    used 673K, capacity 729K, committed 768K, reserved 1048576K
Event: 3934.790 GC heap after
Heap after GC invocations=21274 (full 10622):
 PSYoungGen      total 823296K, used 0K [0x000000076cb00000, 0x000000079f000000, 0x00000007c0000000)
  eden space 822784K, 0% used [0x000000076cb00000,0x000000076cb00000,0x000000079ee80000)
  from space 512K, 0% used [0x000000079ef80000,0x000000079ef80000,0x000000079f000000)
  to   space 512K, 0% used [0x000000079ef00000,0x000000079ef00000,0x000000079ef80000)
 ParOldGen       total 429568K, used 179735K [0x00000006c6000000, 0x00000006e0380000, 0x000000076cb00000)
  object space 429568K, 41% used [0x00000006c6000000,0x00000006d0f85dd8,0x00000006e0380000)
 Metaspace       used 6622K, capacity 6842K, committed 7168K, reserved 1056768K
  class space    used 673K, capacity 729K, committed 768K, reserved 1048576K
}
Event: 3934.796 GC heap before
{Heap before GC invocations=21275 (full 10622):
 PSYoungGen      total 823296K, used 45298K [0x000000076cb00000, 0x000000079f000000, 0x00000007c0000000)
  eden space 822784K, 5% used [0x000000076cb00000,0x000000076f73cb98,0x000000079ee80000)
  from space 512K, 0% used [0x000000079ef80000,0x000000079ef80000,0x000000079f000000)
  to   space 512K, 0% used [0x000000079ef00000,0x000000079ef00000,0x000000079ef80000)
 ParOldGen       total 429568K, used 179735K [0x00000006c6000000, 0x00000006e0380000, 0x000000076cb00000)
  object space 429568K, 41% used [0x00000006c6000000,0x00000006d0f85dd8,0x00000006e0380000)
 Metaspace       used 6622K, capacity 6842K, committed 7168K, reserved 1056768K
  class space    used 673K, capacity 729K, committed 768K, reserved 1048576K
Event: 3934.797 GC heap after
Heap after GC invocations=21275 (full 10622):
 PSYoungGen      total 823296K, used 96K [0x000000076cb00000, 0x000000079f000000, 0x00000007c0000000)
  eden space 822784K, 0% used [0x000000076cb00000,0x000000076cb00000,0x000000079ee80000)
  from space 512K, 18% used [0x000000079ef00000,0x000000079ef18000,0x000000079ef80000)
  to   space 512K, 0% used [0x000000079ef80000,0x000000079ef80000,0x000000079f000000)
 ParOldGen       total 429568K, used 179735K [0x00000006c6000000, 0x00000006e0380000, 0x000000076cb00000)
  object space 429568K, 41% used [0x00000006c6000000,0x00000006d0f85dd8,0x00000006e0380000)
 Metaspace       used 6622K, capacity 6842K, committed 7168K, reserved 1056768K
  class space    used 673K, capacity 729K, committed 768K, reserved 1048576K
}
Event: 3934.797 GC heap before
{Heap before GC invocations=21276 (full 10623):
 PSYoungGen      total 823296K, used 96K [0x000000076cb00000, 0x000000079f000000, 0x00000007c0000000)
  eden space 822784K, 0% used [0x000000076cb00000,0x000000076cb00000,0x000000079ee80000)
  from space 512K, 18% used [0x000000079ef00000,0x000000079ef18000,0x000000079ef80000)
  to   space 512K, 0% used [0x000000079ef80000,0x000000079ef80000,0x000000079f000000)
 ParOldGen       total 429568K, used 179735K [0x00000006c6000000, 0x00000006e0380000, 0x000000076cb00000)
  object space 429568K, 41% used [0x00000006c6000000,0x00000006d0f85dd8,0x00000006e0380000)
 Metaspace       used 6622K, capacity 6842K, committed 7168K, reserved 1056768K
  class space    used 673K, capacity 729K, committed 768K, reserved 1048576K

